Analysis & Synthesis report for final_project
Thu Jun 11 19:39:01 2020
Quartus II Version 9.1 Build 350 03/24/2010 Service Pack 2 SJ Web Edition


---------------------
; Table of Contents ;
---------------------
  1. Legal Notice
  2. Analysis & Synthesis Summary
  3. Analysis & Synthesis Settings
  4. Parallel Compilation
  5. Analysis & Synthesis Source Files Read
  6. Analysis & Synthesis Resource Usage Summary
  7. Analysis & Synthesis Resource Utilization by Entity
  8. Registers Removed During Synthesis
  9. Removed Registers Triggering Further Register Optimizations
 10. General Register Statistics
 11. Inverted Register Statistics
 12. Multiplexer Restructuring Statistics (Restructuring Performed)
 13. Analysis & Synthesis Messages
 14. Analysis & Synthesis Suppressed Messages



----------------
; Legal Notice ;
----------------
Copyright (C) 1991-2010 Altera Corporation
Your use of Altera Corporation's design tools, logic functions 
and other software and tools, and its AMPP partner logic 
functions, and any output files from any of the foregoing 
(including device programming or simulation files), and any 
associated documentation or information are expressly subject 
to the terms and conditions of the Altera Program License 
Subscription Agreement, Altera MegaCore Function License 
Agreement, or other applicable license agreement, including, 
without limitation, that your use is for the sole purpose of 
programming logic devices manufactured by Altera and sold by 
Altera or its authorized distributors.  Please refer to the 
applicable agreement for further details.



+-----------------------------------------------------------------------------------+
; Analysis & Synthesis Summary                                                      ;
+------------------------------------+----------------------------------------------+
; Analysis & Synthesis Status        ; Successful - Thu Jun 11 19:39:01 2020        ;
; Quartus II Version                 ; 9.1 Build 350 03/24/2010 SP 2 SJ Web Edition ;
; Revision Name                      ; final_project                                ;
; Top-level Entity Name              ; final_project                                ;
; Family                             ; Cyclone III                                  ;
; Total logic elements               ; 220                                          ;
;     Total combinational functions  ; 220                                          ;
;     Dedicated logic registers      ; 60                                           ;
; Total registers                    ; 60                                           ;
; Total pins                         ; 56                                           ;
; Total virtual pins                 ; 0                                            ;
; Total memory bits                  ; 0                                            ;
; Embedded Multiplier 9-bit elements ; 0                                            ;
; Total PLLs                         ; 0                                            ;
+------------------------------------+----------------------------------------------+


+----------------------------------------------------------------------------------------------------------------------+
; Analysis & Synthesis Settings                                                                                        ;
+----------------------------------------------------------------------------+--------------------+--------------------+
; Option                                                                     ; Setting            ; Default Value      ;
+----------------------------------------------------------------------------+--------------------+--------------------+
; Device                                                                     ; EP3C16F484C6       ;                    ;
; Top-level entity name                                                      ; final_project      ; final_project      ;
; Family name                                                                ; Cyclone III        ; Stratix II         ;
; Type of Retiming Performed During Resynthesis                              ; Full               ;                    ;
; Resynthesis Optimization Effort                                            ; Normal             ;                    ;
; Physical Synthesis Level for Resynthesis                                   ; Normal             ;                    ;
; Use Generated Physical Constraints File                                    ; On                 ;                    ;
; Use smart compilation                                                      ; Off                ; Off                ;
; Enable parallel Assembler and TimeQuest Timing Analyzer during compilation ; On                 ; On                 ;
; Enable compact report table                                                ; Off                ; Off                ;
; Restructure Multiplexers                                                   ; Auto               ; Auto               ;
; Create Debugging Nodes for IP Cores                                        ; Off                ; Off                ;
; Preserve fewer node names                                                  ; On                 ; On                 ;
; Disable OpenCore Plus hardware evaluation                                  ; Off                ; Off                ;
; Verilog Version                                                            ; Verilog_2001       ; Verilog_2001       ;
; VHDL Version                                                               ; VHDL_1993          ; VHDL_1993          ;
; State Machine Processing                                                   ; Auto               ; Auto               ;
; Safe State Machine                                                         ; Off                ; Off                ;
; Extract Verilog State Machines                                             ; On                 ; On                 ;
; Extract VHDL State Machines                                                ; On                 ; On                 ;
; Ignore Verilog initial constructs                                          ; Off                ; Off                ;
; Iteration limit for constant Verilog loops                                 ; 5000               ; 5000               ;
; Iteration limit for non-constant Verilog loops                             ; 250                ; 250                ;
; Add Pass-Through Logic to Inferred RAMs                                    ; On                 ; On                 ;
; Parallel Synthesis                                                         ; On                 ; On                 ;
; DSP Block Balancing                                                        ; Auto               ; Auto               ;
; NOT Gate Push-Back                                                         ; On                 ; On                 ;
; Power-Up Don't Care                                                        ; On                 ; On                 ;
; Remove Redundant Logic Cells                                               ; Off                ; Off                ;
; Remove Duplicate Registers                                                 ; On                 ; On                 ;
; Ignore CARRY Buffers                                                       ; Off                ; Off                ;
; Ignore CASCADE Buffers                                                     ; Off                ; Off                ;
; Ignore GLOBAL Buffers                                                      ; Off                ; Off                ;
; Ignore ROW GLOBAL Buffers                                                  ; Off                ; Off                ;
; Ignore LCELL Buffers                                                       ; Off                ; Off                ;
; Ignore SOFT Buffers                                                        ; On                 ; On                 ;
; Limit AHDL Integers to 32 Bits                                             ; Off                ; Off                ;
; Optimization Technique                                                     ; Balanced           ; Balanced           ;
; Carry Chain Length                                                         ; 70                 ; 70                 ;
; Auto Carry Chains                                                          ; On                 ; On                 ;
; Auto Open-Drain Pins                                                       ; On                 ; On                 ;
; Perform WYSIWYG Primitive Resynthesis                                      ; Off                ; Off                ;
; Auto ROM Replacement                                                       ; On                 ; On                 ;
; Auto RAM Replacement                                                       ; On                 ; On                 ;
; Auto DSP Block Replacement                                                 ; On                 ; On                 ;
; Auto Shift Register Replacement                                            ; Auto               ; Auto               ;
; Auto Clock Enable Replacement                                              ; On                 ; On                 ;
; Strict RAM Replacement                                                     ; Off                ; Off                ;
; Allow Synchronous Control Signals                                          ; On                 ; On                 ;
; Force Use of Synchronous Clear Signals                                     ; Off                ; Off                ;
; Auto RAM Block Balancing                                                   ; On                 ; On                 ;
; Auto RAM to Logic Cell Conversion                                          ; Off                ; Off                ;
; Auto Resource Sharing                                                      ; Off                ; Off                ;
; Allow Any RAM Size For Recognition                                         ; Off                ; Off                ;
; Allow Any ROM Size For Recognition                                         ; Off                ; Off                ;
; Allow Any Shift Register Size For Recognition                              ; Off                ; Off                ;
; Use LogicLock Constraints during Resource Balancing                        ; On                 ; On                 ;
; Ignore translate_off and synthesis_off directives                          ; Off                ; Off                ;
; Timing-Driven Synthesis                                                    ; On                 ; On                 ;
; Show Parameter Settings Tables in Synthesis Report                         ; On                 ; On                 ;
; Ignore Maximum Fan-Out Assignments                                         ; Off                ; Off                ;
; Synchronization Register Chain Length                                      ; 2                  ; 2                  ;
; PowerPlay Power Optimization                                               ; Normal compilation ; Normal compilation ;
; HDL message level                                                          ; Level2             ; Level2             ;
; Suppress Register Optimization Related Messages                            ; Off                ; Off                ;
; Number of Removed Registers Reported in Synthesis Report                   ; 5000               ; 5000               ;
; Number of Inverted Registers Reported in Synthesis Report                  ; 100                ; 100                ;
; Clock MUX Protection                                                       ; On                 ; On                 ;
; Auto Gated Clock Conversion                                                ; Off                ; Off                ;
; Block Design Naming                                                        ; Auto               ; Auto               ;
; SDC constraint protection                                                  ; Off                ; Off                ;
; Synthesis Effort                                                           ; Auto               ; Auto               ;
; Shift Register Replacement - Allow Asynchronous Clear Signal               ; On                 ; On                 ;
; Analysis & Synthesis Message Level                                         ; Medium             ; Medium             ;
; Disable Register Merging Across Hierarchies                                ; Auto               ; Auto               ;
; Resource Aware Inference For Block RAM                                     ; On                 ; On                 ;
+----------------------------------------------------------------------------+--------------------+--------------------+


Parallel compilation was disabled, but you have multiple processors available. Enable parallel compilation to reduce compilation time.
+-------------------------------------+
; Parallel Compilation                ;
+----------------------------+--------+
; Processors                 ; Number ;
+----------------------------+--------+
; Number detected on machine ; 4      ;
; Maximum allowed            ; 1      ;
+----------------------------+--------+


+-------------------------------------------------------------------------------------------------------------------------------------+
; Analysis & Synthesis Source Files Read                                                                                              ;
+----------------------------------+-----------------+------------------------+-------------------------------------------------------+
; File Name with User-Entered Path ; Used in Netlist ; File Type              ; File Name with Absolute Path                          ;
+----------------------------------+-----------------+------------------------+-------------------------------------------------------+
; final_project.v                  ; yes             ; User Verilog HDL File  ; C:/Users/user/Downloads/final_project/final_project.v ;
+----------------------------------+-----------------+------------------------+-------------------------------------------------------+


+-----------------------------------------------------------+
; Analysis & Synthesis Resource Usage Summary               ;
+---------------------------------------------+-------------+
; Resource                                    ; Usage       ;
+---------------------------------------------+-------------+
; Estimated Total logic elements              ; 220         ;
;                                             ;             ;
; Total combinational functions               ; 220         ;
; Logic element usage by number of LUT inputs ;             ;
;     -- 4 input functions                    ; 142         ;
;     -- 3 input functions                    ; 43          ;
;     -- <=2 input functions                  ; 35          ;
;                                             ;             ;
; Logic elements by mode                      ;             ;
;     -- normal mode                          ; 192         ;
;     -- arithmetic mode                      ; 28          ;
;                                             ;             ;
; Total registers                             ; 60          ;
;     -- Dedicated logic registers            ; 60          ;
;     -- I/O registers                        ; 0           ;
;                                             ;             ;
; I/O pins                                    ; 56          ;
; Maximum fan-out node                        ; sw[4]~input ;
; Maximum fan-out                             ; 60          ;
; Total fan-out                               ; 985         ;
; Average fan-out                             ; 2.51        ;
+---------------------------------------------+-------------+


+-----------------------------------------------------------------------------------------------------------------------------------------------------------------------------+
; Analysis & Synthesis Resource Utilization by Entity                                                                                                                         ;
+----------------------------+-------------------+--------------+-------------+--------------+---------+-----------+------+--------------+---------------------+--------------+
; Compilation Hierarchy Node ; LC Combinationals ; LC Registers ; Memory Bits ; DSP Elements ; DSP 9x9 ; DSP 18x18 ; Pins ; Virtual Pins ; Full Hierarchy Name ; Library Name ;
+----------------------------+-------------------+--------------+-------------+--------------+---------+-----------+------+--------------+---------------------+--------------+
; |final_project             ; 220 (220)         ; 60 (60)      ; 0           ; 0            ; 0       ; 0         ; 56   ; 0            ; |final_project      ; work         ;
+----------------------------+-------------------+--------------+-------------+--------------+---------+-----------+------+--------------+---------------------+--------------+
Note: For table entries with two numbers listed, the numbers in parentheses indicate the number of resources of the given type used by the specific entity alone. The numbers listed outside of parentheses indicate the total resources of the given type used by the specific entity and all of its sub-entities in the hierarchy.


+--------------------------------------------------------------------------------------+
; Registers Removed During Synthesis                                                   ;
+----------------------------------------+---------------------------------------------+
; Register name                          ; Reason for Removal                          ;
+----------------------------------------+---------------------------------------------+
; num[1][7]                              ; Merged with num[9][0]                       ;
; num[2][2]                              ; Merged with num[9][0]                       ;
; num[4][7]                              ; Merged with num[9][0]                       ;
; num[5][3]                              ; Merged with num[9][0]                       ;
; num[4][3]                              ; Merged with num[9][0]                       ;
; num[9][3]                              ; Merged with num[9][0]                       ;
; num[3][3]                              ; Merged with num[9][0]                       ;
; num[7][3]                              ; Merged with num[9][0]                       ;
; num[1][3]                              ; Merged with num[9][0]                       ;
; num[7][1]                              ; Merged with num[9][0]                       ;
; num[3][2]                              ; Merged with num[9][0]                       ;
; num[1][0]                              ; Merged with num[9][0]                       ;
; num[8][0]                              ; Merged with num[9][0]                       ;
; num[2][5]                              ; Merged with num[9][0]                       ;
; num[1][1]                              ; Merged with num[9][0]                       ;
; num[1][2]                              ; Merged with num[9][0]                       ;
; num[0][1]                              ; Merged with num[9][0]                       ;
; num[7][0]                              ; Merged with num[9][0]                       ;
; num[7][4]                              ; Merged with num[9][0]                       ;
; num[6][0]                              ; Merged with num[9][0]                       ;
; num[3][0]                              ; Merged with num[9][0]                       ;
; num[6][6]                              ; Merged with num[9][0]                       ;
; num[5][0]                              ; Merged with num[9][0]                       ;
; num[2][0]                              ; Merged with num[9][0]                       ;
; num[1][4]                              ; Merged with num[9][0]                       ;
; num[5][6]                              ; Merged with num[9][0]                       ;
; num[4][4]                              ; Merged with num[9][0]                       ;
; num[4][0]                              ; Merged with num[9][0]                       ;
; num[0][0]                              ; Merged with num[9][0]                       ;
; num[5][7]                              ; Merged with num[9][1]                       ;
; num[3][7]                              ; Merged with num[9][1]                       ;
; num[9][7]                              ; Merged with num[9][1]                       ;
; num[6][7]                              ; Merged with num[9][1]                       ;
; num[7][2]                              ; Merged with num[9][1]                       ;
; num[2][7]                              ; Merged with num[9][1]                       ;
; num[8][7]                              ; Merged with num[9][1]                       ;
; num[6][3]                              ; Merged with num[9][1]                       ;
; num[0][7]                              ; Merged with num[9][1]                       ;
; num[9][6]                              ; Merged with num[9][1]                       ;
; num[4][6]                              ; Merged with num[9][1]                       ;
; num[2][3]                              ; Merged with num[9][1]                       ;
; num[8][3]                              ; Merged with num[9][1]                       ;
; num[1][6]                              ; Merged with num[9][1]                       ;
; num[0][3]                              ; Merged with num[9][1]                       ;
; num[6][1]                              ; Merged with num[9][1]                       ;
; num[7][5]                              ; Merged with num[9][1]                       ;
; num[6][5]                              ; Merged with num[9][1]                       ;
; num[5][1]                              ; Merged with num[9][1]                       ;
; num[5][5]                              ; Merged with num[9][1]                       ;
; num[9][2]                              ; Merged with num[9][1]                       ;
; num[4][1]                              ; Merged with num[9][1]                       ;
; num[4][5]                              ; Merged with num[9][1]                       ;
; num[2][6]                              ; Merged with num[9][1]                       ;
; num[3][1]                              ; Merged with num[9][1]                       ;
; num[9][5]                              ; Merged with num[9][1]                       ;
; num[3][5]                              ; Merged with num[9][1]                       ;
; num[8][2]                              ; Merged with num[9][1]                       ;
; num[2][1]                              ; Merged with num[9][1]                       ;
; num[8][1]                              ; Merged with num[9][1]                       ;
; num[8][6]                              ; Merged with num[9][1]                       ;
; num[8][5]                              ; Merged with num[9][1]                       ;
; num[1][5]                              ; Merged with num[9][1]                       ;
; num[0][2]                              ; Merged with num[9][1]                       ;
; num[0][5]                              ; Merged with num[9][1]                       ;
; num[0][6]                              ; Merged with num[9][1]                       ;
; num[7][6]                              ; Merged with num[9][1]                       ;
; num[9][4]                              ; Merged with num[9][1]                       ;
; num[6][2]                              ; Merged with num[9][1]                       ;
; num[6][4]                              ; Merged with num[9][1]                       ;
; num[3][4]                              ; Merged with num[9][1]                       ;
; num[2][4]                              ; Merged with num[9][1]                       ;
; num[5][2]                              ; Merged with num[9][1]                       ;
; num[5][4]                              ; Merged with num[9][1]                       ;
; num[3][6]                              ; Merged with num[9][1]                       ;
; num[4][2]                              ; Merged with num[9][1]                       ;
; num[8][4]                              ; Merged with num[9][1]                       ;
; num[0][4]                              ; Merged with num[9][1]                       ;
; num[7][7]                              ; Merged with num[9][1]                       ;
; num[9][0]                              ; Stuck at VCC due to stuck port data_in      ;
; num[9][1]                              ; Stuck at GND due to stuck port data_in      ;
; c2                                     ; Stuck at VCC due to stuck port clock_enable ;
; HEX3[7]~reg0                           ; Stuck at VCC due to stuck port data_in      ;
; Total Number of Removed Registers = 82 ;                                             ;
+----------------------------------------+---------------------------------------------+


+-----------------------------------------------------------------------------------------+
; Removed Registers Triggering Further Register Optimizations                             ;
+---------------+--------------------------------+----------------------------------------+
; Register name ; Reason for Removal             ; Registers Removed due to This Register ;
+---------------+--------------------------------+----------------------------------------+
; c2            ; Stuck at VCC                   ; HEX3[7]~reg0                           ;
;               ; due to stuck port clock_enable ;                                        ;
+---------------+--------------------------------+----------------------------------------+


+------------------------------------------------------+
; General Register Statistics                          ;
+----------------------------------------------+-------+
; Statistic                                    ; Value ;
+----------------------------------------------+-------+
; Total registers                              ; 60    ;
; Number of registers using Synchronous Clear  ; 0     ;
; Number of registers using Synchronous Load   ; 0     ;
; Number of registers using Asynchronous Clear ; 0     ;
; Number of registers using Asynchronous Load  ; 0     ;
; Number of registers using Clock Enable       ; 10    ;
; Number of registers using Preset             ; 0     ;
+----------------------------------------------+-------+


+---------------------------------------------------+
; Inverted Register Statistics                      ;
+-----------------------------------------+---------+
; Inverted Register                       ; Fan out ;
+-----------------------------------------+---------+
; HEX3[6]~reg0                            ; 3       ;
; HEX2[7]~reg0                            ; 3       ;
; HEX2[6]~reg0                            ; 2       ;
; HEX1[7]~reg0                            ; 3       ;
; HEX1[6]~reg0                            ; 2       ;
; HEX0[7]~reg0                            ; 3       ;
; HEX0[6]~reg0                            ; 2       ;
; led[0]~reg0                             ; 10      ;
; led[1]~reg0                             ; 2       ;
; led[2]~reg0                             ; 2       ;
; led[3]~reg0                             ; 2       ;
; led[4]~reg0                             ; 2       ;
; led[5]~reg0                             ; 2       ;
; led[6]~reg0                             ; 2       ;
; led[7]~reg0                             ; 2       ;
; led[8]~reg0                             ; 2       ;
; led[9]~reg0                             ; 2       ;
; n[1]                                    ; 10      ;
; n[3]                                    ; 5       ;
; Total number of inverted registers = 19 ;         ;
+-----------------------------------------+---------+


+-------------------------------------------------------------------------------------------------------------------------------------------+
; Multiplexer Restructuring Statistics (Restructuring Performed)                                                                            ;
+--------------------+-----------+---------------+----------------------+------------------------+------------+-----------------------------+
; Multiplexer Inputs ; Bus Width ; Baseline Area ; Area if Restructured ; Saving if Restructured ; Registered ; Example Multiplexer Output  ;
+--------------------+-----------+---------------+----------------------+------------------------+------------+-----------------------------+
; 3:1                ; 12 bits   ; 24 LEs        ; 24 LEs               ; 0 LEs                  ; Yes        ; |final_project|HEX2[0]~reg0 ;
; 12:1               ; 6 bits    ; 48 LEs        ; 42 LEs               ; 6 LEs                  ; Yes        ; |final_project|HEX3[0]~reg0 ;
; 12:1               ; 6 bits    ; 48 LEs        ; 42 LEs               ; 6 LEs                  ; Yes        ; |final_project|HEX1[2]~reg0 ;
; 3:1                ; 4 bits    ; 8 LEs         ; 4 LEs                ; 4 LEs                  ; Yes        ; |final_project|HEX0[7]~reg0 ;
; 12:1               ; 2 bits    ; 16 LEs        ; 14 LEs               ; 2 LEs                  ; Yes        ; |final_project|HEX3[6]~reg0 ;
; 12:1               ; 2 bits    ; 16 LEs        ; 14 LEs               ; 2 LEs                  ; Yes        ; |final_project|HEX1[6]~reg0 ;
; 3:1                ; 8 bits    ; 16 LEs        ; 16 LEs               ; 0 LEs                  ; No         ; |final_project|HEX2         ;
; 3:1                ; 5 bits    ; 10 LEs        ; 10 LEs               ; 0 LEs                  ; No         ; |final_project|HEX1         ;
; 3:1                ; 3 bits    ; 6 LEs         ; 6 LEs                ; 0 LEs                  ; No         ; |final_project|HEX1         ;
; 3:1                ; 5 bits    ; 10 LEs        ; 10 LEs               ; 0 LEs                  ; No         ; |final_project|HEX0         ;
; 3:1                ; 3 bits    ; 6 LEs         ; 6 LEs                ; 0 LEs                  ; No         ; |final_project|HEX0         ;
; 18:1               ; 4 bits    ; 48 LEs        ; 32 LEs               ; 16 LEs                 ; No         ; |final_project|HEX3         ;
; 18:1               ; 3 bits    ; 36 LEs        ; 18 LEs               ; 18 LEs                 ; No         ; |final_project|HEX3         ;
+--------------------+-----------+---------------+----------------------+------------------------+------------+-----------------------------+


+-------------------------------+
; Analysis & Synthesis Messages ;
+-------------------------------+
Info: *******************************************************************
Info: Running Quartus II Analysis & Synthesis
    Info: Version 9.1 Build 350 03/24/2010 Service Pack 2 SJ Web Edition
    Info: Processing started: Thu Jun 11 19:38:59 2020
Info: Command: quartus_map --read_settings_files=on --write_settings_files=off final_project -c final_project
Info: Found 1 design units, including 1 entities, in source file final_project.v
    Info: Found entity 1: final_project
Info: Elaborating entity "final_project" for the top level hierarchy
Warning (10036): Verilog HDL or VHDL warning at final_project.v(21): object "a" assigned a value but never read
Warning (10036): Verilog HDL or VHDL warning at final_project.v(22): object "b" assigned a value but never read
Warning (10036): Verilog HDL or VHDL warning at final_project.v(27): object "num_of_a" assigned a value but never read
Warning (10036): Verilog HDL or VHDL warning at final_project.v(28): object "num_of_b" assigned a value but never read
Warning (10036): Verilog HDL or VHDL warning at final_project.v(29): object "num_of_c" assigned a value but never read
Warning: Output pins are stuck at VCC or GND
    Warning (13410): Pin "HEX3[7]" is stuck at VCC
Info: Timing-Driven Synthesis is running
Info: Generated suppressed messages file C:/Users/user/Downloads/final_project/final_project.map.smsg
Warning: Design contains 3 input pin(s) that do not drive logic
    Warning (15610): No output dependent on input pin "btn2"
    Warning (15610): No output dependent on input pin "btn1"
    Warning (15610): No output dependent on input pin "btn0"
Info: Implemented 283 device resources after synthesis - the final resource count might be different
    Info: Implemented 14 input pins
    Info: Implemented 42 output pins
    Info: Implemented 227 logic cells
Info: Quartus II Analysis & Synthesis was successful. 0 errors, 11 warnings
    Info: Peak virtual memory: 234 megabytes
    Info: Processing ended: Thu Jun 11 19:39:01 2020
    Info: Elapsed time: 00:00:02
    Info: Total CPU time (on all processors): 00:00:02


+------------------------------------------+
; Analysis & Synthesis Suppressed Messages ;
+------------------------------------------+
The suppressed messages can be found in C:/Users/user/Downloads/final_project/final_project.map.smsg.


